[2026-02-21 19:34:30] Starting deployment process...
[2026-02-21 19:34:30] Cloning repository hetpatel-11/game-motion...
[2026-02-21 19:34:30] Repository cloned successfully
[2026-02-21 19:34:31] INFO: Building from commit 6018cdc0 on branch main
[2026-02-21 19:34:31] INFO: Commit message: Add Dockerfile
[2026-02-21 19:34:31] Analyzing project structure...
[2026-02-21 19:34:31] Generating Dockerfile...
[2026-02-21 19:34:32] Building container image...
[2026-02-21 19:34:32] Setting up build environment...
[2026-02-21 19:34:32] Dockerfile generated successfully
[2026-02-21 19:34:32] Creating new app: mcp-0ygw0uj6zzc5
[2026-02-21 19:34:33] INFO: Starting deployment...
[2026-02-21 19:34:33] INFO: Building Docker image...
[2026-02-21 19:34:33] Validating /tmp/mcp-deploy-clone-0ygw0uj6zzc5-lxey0myc/fly.toml
[2026-02-21 19:34:33] [32mâœ“[0m Configuration is valid
[2026-02-21 19:34:33] ==> Building image
[2026-02-21 19:34:33] Waiting for depot builder...
[2026-02-21 19:34:33] 
[2026-02-21 19:34:34] ==> Building image with Depot
[2026-02-21 19:34:34] --> build:  (â€‹)
[2026-02-21 19:34:34] #1 [internal] load build definition from Dockerfile
[2026-02-21 19:34:34] #1 transferring dockerfile: 279B 0.2s
[2026-02-21 19:34:34] #1 transferring dockerfile: 279B 0.2s done
[2026-02-21 19:34:34] #1 DONE 0.2s
[2026-02-21 19:34:34] 
[2026-02-21 19:34:34] #2 [internal] load metadata for docker.io/library/node:22-alpine
[2026-02-21 19:34:35] #2 DONE 0.3s
[2026-02-21 19:34:35] 
[2026-02-21 19:34:35] #3 [internal] load .dockerignore
[2026-02-21 19:34:35] #3 transferring context: 0.1s
[2026-02-21 19:34:35] #3 transferring context: 2B 0.2s done
[2026-02-21 19:34:35] #3 DONE 0.2s
[2026-02-21 19:34:35] 
[2026-02-21 19:34:35] #4 [1/6] FROM docker.io/library/node:22-alpine@sha256:e4bf2a82ad0a4037d28035ae71529873c069b13eb0455466ae0bc13363826e34
[2026-02-21 19:34:35] #4 resolve docker.io/library/node:22-alpine@sha256:e4bf2a82ad0a4037d28035ae71529873c069b13eb0455466ae0bc13363826e34 done
[2026-02-21 19:34:36] #4 DONE 0.0s
[2026-02-21 19:34:36] 
[2026-02-21 19:34:36] #5 [2/6] WORKDIR /app
[2026-02-21 19:34:36] #5 CACHED
[2026-02-21 19:34:36] 
[2026-02-21 19:34:36] #6 [internal] load build context
[2026-02-21 19:34:36] #6 transferring context: 2.04MB 1.0s done
[2026-02-21 19:34:36] #6 DONE 1.0s
[2026-02-21 19:34:36] 
[2026-02-21 19:34:36] #7 [3/6] COPY remotion-mcp-app/package*.json ./
[2026-02-21 19:34:37] #7 DONE 0.1s
[2026-02-21 19:34:37] 
[2026-02-21 19:34:37] #8 [4/6] RUN npm install
[2026-02-21 19:34:37] #8 15.16 npm warn ERESOLVE overriding peer dependency
[2026-02-21 19:34:37] #8 28.01 npm warn deprecated @langchain/langgraph-sdk@2.0.0: This version is not intended for use. Please use 1.x versions of @langchain/langgraph-sdk instead
[2026-02-21 19:34:46] #8 ...
[2026-02-21 19:34:46] 
[2026-02-21 19:34:46] #9 [3/6] COPY remotion-mcp-app/package*.json ./
[2026-02-21 19:34:46] #9 Deduplicating step ID [3/6] COPY remotion-mcp-app/package*.json ./, another build is calculating it done
[2026-02-21 19:34:46] #9 ...
[2026-02-21 19:34:46] 
[2026-02-21 19:34:46] #10 [4/6] RUN npm install
[2026-02-21 19:34:46] #10 Deduplicating step ID [4/6] RUN npm install, another build is calculating it done
[2026-02-21 19:34:46] #10 ...
[2026-02-21 19:34:46] 
[2026-02-21 19:34:47] #8 [4/6] RUN npm install
[2026-02-21 19:34:49] #8 39.70
[2026-02-21 19:34:49] #8 39.70 added 497 packages, and audited 498 packages in 39s
[2026-02-21 19:34:49] #8 39.70
[2026-02-21 19:34:49] #8 39.70 109 packages are looking for funding
[2026-02-21 19:34:49] #8 39.70   run `npm fund` for details
[2026-02-21 19:34:49] #8 39.70
[2026-02-21 19:34:50] #8 39.70 found 0 vulnerabilities
[2026-02-21 19:34:50] #8 39.70 npm notice
[2026-02-21 19:34:50] #8 39.70 npm notice New major version of npm available! 10.9.4 -> 11.10.1
[2026-02-21 19:34:50] #8 39.70 npm notice Changelog: https://github.com/npm/cli/releases/tag/v11.10.1
[2026-02-21 19:34:50] #8 39.70 npm notice To update run: npm install -g npm@11.10.1
[2026-02-21 19:34:50] #8 39.70 npm notice
[2026-02-21 19:34:57] #8 DONE 47.7s
[2026-02-21 19:34:57] 
[2026-02-21 19:34:57] #11 [5/6] COPY remotion-mcp-app/ ./
[2026-02-21 19:34:57] #11 Deduplicating step ID [5/6] COPY remotion-mcp-app/ ./, another build is calculating it done
[2026-02-21 19:34:58] #11 ...
[2026-02-21 19:34:58] 
[2026-02-21 19:34:58] #12 [5/6] COPY remotion-mcp-app/ ./
[2026-02-21 19:34:58] #12 DONE 1.1s
[2026-02-21 19:34:59] 
[2026-02-21 19:34:59] #13 [6/6] RUN npm run build
[2026-02-21 19:34:59] #13 0.387
[2026-02-21 19:34:59] #13 0.387 > remotion-mcp-app@1.0.0 build
[2026-02-21 19:34:59] #13 0.387 > NODE_OPTIONS='--max-old-space-size=8192' mcp-use build
[2026-02-21 19:34:59] #13 0.387
[2026-02-21 19:35:00] #13 1.588 mcp-use packages:
[2026-02-21 19:35:00] #13 1.589   @mcp-use/cli           v2.16.0
[2026-02-21 19:35:00] #13 1.590   @mcp-use/inspector     v0.23.1
[2026-02-21 19:35:00] #13 1.969 Building 1 widget(s)...
[2026-02-21 19:35:00] #13 2.236   - Building remotion-player...
[2026-02-21 19:35:01] #13 2.960 vite v7.3.1 building client environment for production...
[2026-02-21 19:35:01] #13 3.087 transforming...
[2026-02-21 19:35:07] #13 8.460 âœ“ 424 modules transformed.
[2026-02-21 19:35:07] #13 8.926 rendering chunks...
[2026-02-21 19:35:08] #13 9.352 computing gzip size...
[2026-02-21 19:35:08] #13 9.402 ../../dist/resources/widgets/remotion-player/index.html                     0.47 kB â”‚ gzip:   0.29 kB
[2026-02-21 19:35:08] #13 9.402 ../../dist/resources/widgets/remotion-player/assets/index-DPnU1Iba.css      5.72 kB â”‚ gzip:   1.83 kB
[2026-02-21 19:35:08] #13 9.402 ../../dist/resources/widgets/remotion-player/assets/module-IQYb_3aX.js    177.95 kB â”‚ gzip:  58.38 kB
[2026-02-21 19:35:08] #13 9.402 ../../dist/resources/widgets/remotion-player/assets/index-DNmuOuBP.js   1,320.76 kB â”‚ gzip: 385.61 kB
[2026-02-21 19:35:08] #13 9.403
[2026-02-21 19:35:08] #13 9.403 (!) Some chunks are larger than 1024 kB after minification. Consider:
[2026-02-21 19:35:08] #13 9.403 - Using dynamic import() to code-split the application
[2026-02-21 19:35:09] #13 9.403 - Use build.rollupOptions.output.manualChunks to improve chunking: https://rollupjs.org/configuration-options/#output-manualchunks
[2026-02-21 19:35:09] #13 9.403 - Adjust chunk size limit for this warning via build.chunkSizeWarningLimit.
[2026-02-21 19:35:09] #13 9.403 âœ“ built in 6.39s
[2026-02-21 19:35:09] #13 9.437     â†’ Patched Zod JIT in index-DNmuOuBP.js
[2026-02-21 19:35:09] #13 9.438     âœ“ Built remotion-player
[2026-02-21 19:35:09] #13 9.439 Building TypeScript...
[2026-02-21 19:35:10] #13 ...
[2026-02-21 19:35:10] 
[2026-02-21 19:35:10] #14 [6/6] RUN npm run build
[2026-02-21 19:35:10] #14 Deduplicating step ID [6/6] RUN npm run build, another build is calculating it done
[2026-02-21 19:35:10] #14 ...
[2026-02-21 19:35:10] 
[2026-02-21 19:35:10] #13 [6/6] RUN npm run build
[2026-02-21 19:35:12] #13 14.15 resources/remotion-player/widget.tsx(101,1): error TS2578: Unused '@ts-expect-error' directive.
[2026-02-21 19:35:13] #13 14.15 resources/remotion-player/widget.tsx(104,3): error TS2322: Type 'ZodObject<{ videoProject: ZodOptional<ZodString>; }, $strip>' is not assignable to type 'ZodType<unknown, unknown, $ZodTypeInternals<unknown, unknown>> | InputDefinition[] | undefined'.
[2026-02-21 19:35:13] #13 14.15   Type 'ZodObject<{ videoProject: ZodOptional<ZodString>; }, $strip>' is not assignable to type 'ZodType<unknown, unknown, $ZodTypeInternals<unknown, unknown>>'.
[2026-02-21 19:35:13] #13 14.15     Types of property 'toJSONSchema' are incompatible.
[2026-02-21 19:35:13] #13 14.15       Type '(params?: ToJSONSchemaParams | undefined) => ZodStandardJSONSchemaPayload<ZodObject<{ videoProject: ZodOptional<ZodString>; }, $strip>>' is not assignable to type '(params?: ToJSONSchemaParams | undefined) => ZodStandardJSONSchemaPayload<ZodType<unknown, unknown, $ZodTypeInternals<unknown, unknown>>>'.
[2026-02-21 19:35:13] #13 14.15         Types of parameters 'params' and 'params' are incompatible.
[2026-02-21 19:35:13] #13 14.15           Type 'import("/app/node_modules/mcp-use/node_modules/zod/v4/core/to-json-schema").ToJSONSchemaParams | undefined' is not assignable to type 'import("/app/node_modules/zod/v4/core/to-json-schema").ToJSONSchemaParams | undefined'.
[2026-02-21 19:35:13] #13 14.15             Type 'import("/app/node_modules/mcp-use/node_modules/zod/v4/core/to-json-schema").ToJSONSchemaParams' is not assignable to type 'import("/app/node_modules/zod/v4/core/to-json-schema").ToJSONSchemaParams'.
[2026-02-21 19:35:14] #13 14.15               Types of property 'override' are incompatible.
[2026-02-21 19:35:14] #13 14.15                 Type '((ctx: { zodSchema: import("/app/node_modules/mcp-use/node_modules/zod/v4/core/schemas").$ZodTypes; jsonSchema: import("/app/node_modules/mcp-use/node_modules/zod/v4/core/json-schema").JSONSchema; path: (string | number)[]; }) => void) | undefined' is not assignable to type '((ctx: { zodSchema: import("/app/node_modules/zod/v4/core/schemas").$ZodTypes; jsonSchema: import("/app/node_modules/zod/v4/core/json-schema").JSONSchema; path: (string | number)[]; }) => void) | undefined'.
[2026-02-21 19:35:14] #13 14.15                   Type '(ctx: { zodSchema: import("/app/node_modules/mcp-use/node_modules/zod/v4/core/schemas").$ZodTypes; jsonSchema: import("/app/node_modules/mcp-use/node_modules/zod/v4/core/json-schema").JSONSchema; path: (string | number)[]; }) => void' is not assignable to type '(ctx: { zodSchema: import("/app/node_modules/zod/v4/core/schemas").$ZodTypes; jsonSchema: import("/app/node_modules/zod/v4/core/json-schema").JSONSchema; path: (string | number)[]; }) => void'.
[2026-02-21 19:35:14] #13 14.15                     Types of parameters 'ctx' and 'ctx' are incompatible.
[2026-02-21 19:35:14] #13 14.15                       Type '{ zodSchema: import("/app/node_modules/zod/v4/core/schemas").$ZodTypes; jsonSchema: import("/app/node_modules/zod/v4/core/json-schema").JSONSchema; path: (string | number)[]; }' is not assignable to type '{ zodSchema: import("/app/node_modules/mcp-use/node_modules/zod/v4/core/schemas").$ZodTypes; jsonSchema: import("/app/node_modules/mcp-use/node_modules/zod/v4/core/json-schema").JSONSchema; path: (string | number)[]; }'.
[2026-02-21 19:35:14] #13 14.15                         Types of property 'zodSchema' are incompatible.
[2026-02-21 19:35:14] #13 14.15                           Type 'import("/app/node_modules/zod/v4/core/schemas").$ZodTypes' is not assignable to type 'import("/app/node_modules/mcp-use/node_modules/zod/v4/core/schemas").$ZodTypes'.
[2026-02-21 19:35:15] #13 14.15                             Type '$ZodFunction<$ZodFunctionArgs, $ZodFunctionOut>' is not assignable to type '$ZodTypes'.
[2026-02-21 19:35:15] #13 14.15                               Type 'import("/app/node_modules/zod/v4/core/schemas").$ZodFunction<import("/app/node_modules/zod/v4/core/schemas").$ZodFunctionArgs, import("/app/node_modules/zod/v4/core/schemas").$ZodFunctionOut>' is not assignable to type 'import("/app/node_modules/mcp-use/node_modules/zod/v4/core/schemas").$ZodFunction<import("/app/node_modules/mcp-use/node_modules/zod/v4/core/schemas").$ZodFunctionArgs, import("/app/node_modules/mcp-use/node_modules/zod/v4/core/schemas").$ZodFunctionOut>'.
[2026-02-21 19:35:15] #13 14.15                                 The types returned by 'output(...).implement(...)(...)' are incompatible between these types.
[2026-02-21 19:35:15] #13 14.15                                   Type 'ReturnType<F> extends ReturnType<import("/app/node_modules/zod/v4/core/schemas").$InferOuterFunctionType<import("/app/node_modules/zod/v4/core/schemas").$ZodFunctionArgs, NewReturns>> ? ReturnType<...> & ReturnType<...> : ReturnType<...>' is not assignable to type 'ReturnType<F> extends ReturnType<import("/app/node_modules/mcp-use/node_modules/zod/v4/core/schemas").$InferOuterFunctionType<import("/app/node_modules/mcp-use/node_modules/zod/v4/core/schemas").$ZodFunctionArgs, NewReturns>> ? ReturnType<...> & ReturnType<...> : ReturnType<...>'.
[2026-02-21 19:35:15] #13 14.15                                     Type 'ReturnType<$InferOuterFunctionType<$ZodFunctionArgs, NewReturns>> | (ReturnType<$InferOuterFunctionType<$ZodFunctionArgs, NewReturns>> & ReturnType<...>)' is not assignable to type 'ReturnType<F> extends ReturnType<$InferOuterFunctionType<$ZodFunctionArgs, NewReturns>> ? ReturnType<...> & ReturnType<...> : ReturnType<...>'.
[2026-02-21 19:35:15] #13 14.15                                       Type 'ReturnType<$InferOuterFunctionType<$ZodFunctionArgs, NewReturns>>' is not assignable to type 'ReturnType<F> extends ReturnType<$InferOuterFunctionType<$ZodFunctionArgs, NewReturns>> ? ReturnType<...> & ReturnType<...> : ReturnType<...>'.
[2026-02-21 19:35:15] #13 14.15                                         Type 'output<NewReturns>' is not assignable to type 'ReturnType<F> extends ReturnType<$InferOuterFunctionType<$ZodFunctionArgs, NewReturns>> ? ReturnType<...> & ReturnType<...> : ReturnType<...>'.
[2026-02-21 19:35:16] #13 14.15                                           Type 'unknown' is not assignable to type 'ReturnType<F> extends ReturnType<$InferOuterFunctionType<$ZodFunctionArgs, NewReturns>> ? ReturnType<...> & ReturnType<...> : ReturnType<...>'.
[2026-02-21 19:35:16] #13 14.20 Build failed: Error: Command failed with exit code 2
[2026-02-21 19:35:17] Deployment failed: Build failed: #13 14.20 Build failed: Error: Command failed with exit code 2